# JRE version: OpenJDK Runtime Environment (17.0.9) (build 17.0.9+0--11084592)
# Java VM: OpenJDK 64-Bit Server VM (17.0.9+0--11084592, mixed mode, tiered, compressed oops, compressed class ptrs, g1 gc, windows-amd64)
GC Precious Log:
 CPUs: 4 total, 4 available
 Memory: 16263M
 Large Page Support: Disabled
 NUMA Support: Disabled
 Compressed Oops: Enabled (32-bit)
 Heap Region Size: 1M
 Heap Min Capacity: 8M
 Heap Initial Capacity: 256M
 Heap Max Capacity: 2G
 Pre-touch: Disabled
 Parallel Workers: 4
 Concurrent Workers: 1
 Concurrent Refinement Workers: 4
 Periodic GC: Disabled
Heap:
 garbage-first heap   total 356352K, used 238078K [0x0000000080000000, 0x0000000100000000)
  region size 1024K, 1 young (1024K), 1 survivors (1024K)
 Metaspace       used 142279K, committed 143424K, reserved 1179648K
  class space    used 19248K, committed 19840K, reserved 1048576K
GC Heap History (20 events):
Event: 6391.510 GC heap after
{Heap after GC invocations=61 (full 1):
 garbage-first heap   total 348160K, used 115212K [0x0000000080000000, 0x0000000100000000)
  region size 1024K, 2 young (2048K), 2 survivors (2048K)
 Metaspace       used 130772K, committed 131904K, reserved 1179648K
  class space    used 18098K, committed 18688K, reserved 1048576K
}
Event: 6472.993 GC heap before
{Heap before GC invocations=61 (full 1):
 garbage-first heap   total 348160K, used 277004K [0x0000000080000000, 0x0000000100000000)
  region size 1024K, 161 young (164864K), 2 survivors (2048K)
 Metaspace       used 132088K, committed 133120K, reserved 1179648K
  class space    used 18240K, committed 18752K, reserved 1048576K
}
Event: 6473.014 GC heap after
{Heap after GC invocations=62 (full 1):
 garbage-first heap   total 348160K, used 132510K [0x0000000080000000, 0x0000000100000000)
  region size 1024K, 19 young (19456K), 19 survivors (19456K)
 Metaspace       used 132088K, committed 133120K, reserved 1179648K
  class space    used 18240K, committed 18752K, reserved 1048576K
}
Event: 6666.120 GC heap before
{Heap before GC invocations=63 (full 1):
 garbage-first heap   total 348160K, used 266654K [0x0000000080000000, 0x0000000100000000)
  region size 1024K, 158 young (161792K), 19 survivors (19456K)
 Metaspace       used 132514K, committed 133568K, reserved 1179648K
  class space    used 18257K, committed 18816K, reserved 1048576K
}
Event: 6666.154 GC heap after
{Heap after GC invocations=64 (full 1):
 garbage-first heap   total 348160K, used 137653K [0x0000000080000000, 0x0000000100000000)
  region size 1024K, 14 young (14336K), 14 survivors (14336K)
 Metaspace       used 132514K, committed 133568K, reserved 1179648K
  class space    used 18257K, committed 18816K, reserved 1048576K
}
Event: 6666.186 GC heap before
{Heap before GC invocations=64 (full 1):
 garbage-first heap   total 348160K, used 139701K [0x0000000080000000, 0x0000000100000000)
  region size 1024K, 17 young (17408K), 14 survivors (14336K)
 Metaspace       used 132527K, committed 133568K, reserved 1179648K
  class space    used 18258K, committed 18816K, reserved 1048576K
}
Event: 6666.200 GC heap after
{Heap after GC invocations=65 (full 1):
 garbage-first heap   total 348160K, used 137046K [0x0000000080000000, 0x0000000100000000)
  region size 1024K, 2 young (2048K), 2 survivors (2048K)
 Metaspace       used 132527K, committed 133568K, reserved 1179648K
  class space    used 18258K, committed 18816K, reserved 1048576K
}
Event: 6717.484 GC heap before
{Heap before GC invocations=65 (full 1):
 garbage-first heap   total 348160K, used 274262K [0x0000000080000000, 0x0000000100000000)
  region size 1024K, 137 young (140288K), 2 survivors (2048K)
 Metaspace       used 132942K, committed 134016K, reserved 1179648K
  class space    used 18291K, committed 18816K, reserved 1048576K
}
Event: 6717.495 GC heap after
{Heap after GC invocations=66 (full 1):
 garbage-first heap   total 348160K, used 141078K [0x0000000080000000, 0x0000000100000000)
  region size 1024K, 6 young (6144K), 6 survivors (6144K)
 Metaspace       used 132942K, committed 134016K, reserved 1179648K
  class space    used 18291K, committed 18816K, reserved 1048576K
}
Event: 6720.399 GC heap before
{Heap before GC invocations=67 (full 1):
 garbage-first heap   total 348160K, used 279318K [0x0000000080000000, 0x0000000100000000)
  region size 1024K, 142 young (145408K), 6 survivors (6144K)
 Metaspace       used 135812K, committed 136960K, reserved 1179648K
  class space    used 18571K, committed 19136K, reserved 1048576K
}
Event: 6720.411 GC heap after
{Heap after GC invocations=68 (full 1):
 garbage-first heap   total 348160K, used 142166K [0x0000000080000000, 0x0000000100000000)
  region size 1024K, 15 young (15360K), 15 survivors (15360K)
 Metaspace       used 135812K, committed 136960K, reserved 1179648K
  class space    used 18571K, committed 19136K, reserved 1048576K
}
Event: 6720.448 GC heap before
{Heap before GC invocations=68 (full 1):
 garbage-first heap   total 348160K, used 143190K [0x0000000080000000, 0x0000000100000000)
  region size 1024K, 17 young (17408K), 15 survivors (15360K)
 Metaspace       used 136169K, committed 137344K, reserved 1179648K
  class space    used 18602K, committed 19200K, reserved 1048576K
}
Event: 6720.459 GC heap after
{Heap after GC invocations=69 (full 1):
 garbage-first heap   total 348160K, used 133971K [0x0000000080000000, 0x0000000100000000)
  region size 1024K, 2 young (2048K), 2 survivors (2048K)
 Metaspace       used 136169K, committed 137344K, reserved 1179648K
  class space    used 18602K, committed 19200K, reserved 1048576K
}
Event: 6722.107 GC heap before
{Heap before GC invocations=69 (full 1):
 garbage-first heap   total 348160K, used 253779K [0x0000000080000000, 0x0000000100000000)
  region size 1024K, 121 young (123904K), 2 survivors (2048K)
 Metaspace       used 141828K, committed 142976K, reserved 1179648K
  class space    used 19199K, committed 19776K, reserved 1048576K
}
Event: 6722.112 GC heap after
{Heap after GC invocations=70 (full 1):
 garbage-first heap   total 348160K, used 134941K [0x0000000080000000, 0x0000000100000000)
  region size 1024K, 3 young (3072K), 3 survivors (3072K)
 Metaspace       used 141828K, committed 142976K, reserved 1179648K
  class space    used 19199K, committed 19776K, reserved 1048576K
}
Event: 6722.693 GC heap before
{Heap before GC invocations=71 (full 1):
 garbage-first heap   total 348160K, used 336669K [0x0000000080000000, 0x0000000100000000)
  region size 1024K, 40 young (40960K), 3 survivors (3072K)
 Metaspace       used 142279K, committed 143424K, reserved 1179648K
  class space    used 19248K, committed 19840K, reserved 1048576K
}
Event: 6722.700 GC heap after
{Heap after GC invocations=72 (full 1):
 garbage-first heap   total 356352K, used 246069K [0x0000000080000000, 0x0000000100000000)
  region size 1024K, 16 young (16384K), 16 survivors (16384K)
 Metaspace       used 142279K, committed 143424K, reserved 1179648K
  class space    used 19248K, committed 19840K, reserved 1048576K
}
Event: 6722.703 GC heap before
{Heap before GC invocations=72 (full 1):
 garbage-first heap   total 356352K, used 251189K [0x0000000080000000, 0x0000000100000000)
  region size 1024K, 17 young (17408K), 16 survivors (16384K)
 Metaspace       used 142279K, committed 143424K, reserved 1179648K
  class space    used 19248K, committed 19840K, reserved 1048576K
}
Event: 6722.710 GC heap after
{Heap after GC invocations=73 (full 1):
 garbage-first heap   total 356352K, used 238188K [0x0000000080000000, 0x0000000100000000)
  region size 1024K, 1 young (1024K), 1 survivors (1024K)
 Metaspace       used 142279K, committed 143424K, reserved 1179648K
  class space    used 19248K, committed 19840K, reserved 1048576K
}
Event: 6722.711 GC heap before
{Heap before GC invocations=73 (full 1):
 garbage-first heap   total 356352K, used 238188K [0x0000000080000000, 0x0000000100000000)
  region size 1024K, 2 young (2048K), 1 survivors (1024K)
 Metaspace       used 142279K, committed 143424K, reserved 1179648K
  class space    used 19248K, committed 19840K, reserved 1048576K
}

