# JRE version: OpenJDK Runtime Environment (17.0.9) (build 17.0.9+0--11084592)
# Java VM: OpenJDK 64-Bit Server VM (17.0.9+0--11084592, mixed mode, tiered, compressed oops, compressed class ptrs, g1 gc, windows-amd64)
GC Precious Log:
 CPUs: 4 total, 4 available
 Memory: 16263M
 Large Page Support: Disabled
 NUMA Support: Disabled
 Compressed Oops: Enabled (32-bit)
 Heap Region Size: 1M
 Heap Min Capacity: 8M
 Heap Initial Capacity: 256M
 Heap Max Capacity: 2G
 Pre-touch: Disabled
 Parallel Workers: 4
 Concurrent Workers: 1
 Concurrent Refinement Workers: 4
 Periodic GC: Disabled
Heap:
 garbage-first heap   total 310272K, used 252142K [0x0000000080000000, 0x0000000100000000)
  region size 1024K, 65 young (66560K), 3 survivors (3072K)
 Metaspace       used 128647K, committed 129600K, reserved 1179648K
  class space    used 17951K, committed 18432K, reserved 1048576K
GC Heap History (20 events):
Event: 31.934 GC heap before
{Heap before GC invocations=52 (full 0):
 garbage-first heap   total 177152K, used 149480K [0x0000000080000000, 0x0000000100000000)
  region size 1024K, 34 young (34816K), 3 survivors (3072K)
 Metaspace       used 106977K, committed 107776K, reserved 1179648K
  class space    used 14898K, committed 15296K, reserved 1048576K
}
Event: 31.942 GC heap after
{Heap after GC invocations=53 (full 0):
 garbage-first heap   total 177152K, used 120478K [0x0000000080000000, 0x0000000100000000)
  region size 1024K, 2 young (2048K), 2 survivors (2048K)
 Metaspace       used 106977K, committed 107776K, reserved 1179648K
  class space    used 14898K, committed 15296K, reserved 1048576K
}
Event: 37.241 GC heap before
{Heap before GC invocations=53 (full 0):
 garbage-first heap   total 177152K, used 151198K [0x0000000080000000, 0x0000000100000000)
  region size 1024K, 32 young (32768K), 2 survivors (2048K)
 Metaspace       used 107922K, committed 108800K, reserved 1179648K
  class space    used 15037K, committed 15488K, reserved 1048576K
}
Event: 37.248 GC heap after
{Heap after GC invocations=54 (full 0):
 garbage-first heap   total 177152K, used 122685K [0x0000000080000000, 0x0000000100000000)
  region size 1024K, 4 young (4096K), 4 survivors (4096K)
 Metaspace       used 107922K, committed 108800K, reserved 1179648K
  class space    used 15037K, committed 15488K, reserved 1048576K
}
Event: 37.830 GC heap before
{Heap before GC invocations=54 (full 0):
 garbage-first heap   total 177152K, used 151357K [0x0000000080000000, 0x0000000100000000)
  region size 1024K, 32 young (32768K), 4 survivors (4096K)
 Metaspace       used 108207K, committed 109184K, reserved 1179648K
  class space    used 15046K, committed 15552K, reserved 1048576K
}
Event: 37.838 GC heap after
{Heap after GC invocations=55 (full 0):
 garbage-first heap   total 177152K, used 126129K [0x0000000080000000, 0x0000000100000000)
  region size 1024K, 4 young (4096K), 4 survivors (4096K)
 Metaspace       used 108207K, committed 109184K, reserved 1179648K
  class space    used 15046K, committed 15552K, reserved 1048576K
}
Event: 38.239 GC heap before
{Heap before GC invocations=55 (full 0):
 garbage-first heap   total 177152K, used 149681K [0x0000000080000000, 0x0000000100000000)
  region size 1024K, 28 young (28672K), 4 survivors (4096K)
 Metaspace       used 108434K, committed 109440K, reserved 1179648K
  class space    used 15054K, committed 15552K, reserved 1048576K
}
Event: 38.245 GC heap after
{Heap after GC invocations=56 (full 0):
 garbage-first heap   total 177152K, used 129723K [0x0000000080000000, 0x0000000100000000)
  region size 1024K, 4 young (4096K), 4 survivors (4096K)
 Metaspace       used 108434K, committed 109440K, reserved 1179648K
  class space    used 15054K, committed 15552K, reserved 1048576K
}
Event: 38.703 GC heap before
{Heap before GC invocations=56 (full 0):
 garbage-first heap   total 177152K, used 151227K [0x0000000080000000, 0x0000000100000000)
  region size 1024K, 25 young (25600K), 4 survivors (4096K)
 Metaspace       used 108523K, committed 109504K, reserved 1179648K
  class space    used 15055K, committed 15552K, reserved 1048576K
}
Event: 38.708 GC heap after
{Heap after GC invocations=57 (full 0):
 garbage-first heap   total 212992K, used 131236K [0x0000000080000000, 0x0000000100000000)
  region size 1024K, 2 young (2048K), 2 survivors (2048K)
 Metaspace       used 108523K, committed 109504K, reserved 1179648K
  class space    used 15055K, committed 15552K, reserved 1048576K
}
Event: 45.571 GC heap before
{Heap before GC invocations=57 (full 0):
 garbage-first heap   total 212992K, used 180388K [0x0000000080000000, 0x0000000100000000)
  region size 1024K, 46 young (47104K), 2 survivors (2048K)
 Metaspace       used 110421K, committed 111424K, reserved 1179648K
  class space    used 15233K, committed 15744K, reserved 1048576K
}
Event: 45.577 GC heap after
{Heap after GC invocations=58 (full 0):
 garbage-first heap   total 212992K, used 133981K [0x0000000080000000, 0x0000000100000000)
  region size 1024K, 5 young (5120K), 5 survivors (5120K)
 Metaspace       used 110421K, committed 111424K, reserved 1179648K
  class space    used 15233K, committed 15744K, reserved 1048576K
}
Event: 45.831 GC heap before
{Heap before GC invocations=58 (full 0):
 garbage-first heap   total 212992K, used 145245K [0x0000000080000000, 0x0000000100000000)
  region size 1024K, 18 young (18432K), 5 survivors (5120K)
 Metaspace       used 111678K, committed 112640K, reserved 1179648K
  class space    used 15413K, committed 15872K, reserved 1048576K
}
Event: 45.836 GC heap after
{Heap after GC invocations=59 (full 0):
 garbage-first heap   total 212992K, used 135118K [0x0000000080000000, 0x0000000100000000)
  region size 1024K, 4 young (4096K), 4 survivors (4096K)
 Metaspace       used 111678K, committed 112640K, reserved 1179648K
  class space    used 15413K, committed 15872K, reserved 1048576K
}
Event: 46.490 GC heap before
{Heap before GC invocations=60 (full 0):
 garbage-first heap   total 242688K, used 176078K [0x0000000080000000, 0x0000000100000000)
  region size 1024K, 45 young (46080K), 4 survivors (4096K)
 Metaspace       used 116832K, committed 117824K, reserved 1179648K
  class space    used 16193K, committed 16704K, reserved 1048576K
}
Event: 46.495 GC heap after
{Heap after GC invocations=61 (full 0):
 garbage-first heap   total 242688K, used 136066K [0x0000000080000000, 0x0000000100000000)
  region size 1024K, 3 young (3072K), 3 survivors (3072K)
 Metaspace       used 116832K, committed 117824K, reserved 1179648K
  class space    used 16193K, committed 16704K, reserved 1048576K
}
Event: 46.582 GC heap before
{Heap before GC invocations=61 (full 0):
 garbage-first heap   total 242688K, used 143234K [0x0000000080000000, 0x0000000100000000)
  region size 1024K, 11 young (11264K), 3 survivors (3072K)
 Metaspace       used 117951K, committed 118976K, reserved 1179648K
  class space    used 16377K, committed 16896K, reserved 1048576K
}
Event: 46.595 GC heap after
{Heap after GC invocations=62 (full 0):
 garbage-first heap   total 242688K, used 122770K [0x0000000080000000, 0x0000000100000000)
  region size 1024K, 1 young (1024K), 1 survivors (1024K)
 Metaspace       used 117951K, committed 118976K, reserved 1179648K
  class space    used 16377K, committed 16896K, reserved 1048576K
}
Event: 47.927 GC heap before
{Heap before GC invocations=62 (full 0):
 garbage-first heap   total 242688K, used 201618K [0x0000000080000000, 0x0000000100000000)
  region size 1024K, 79 young (80896K), 1 survivors (1024K)
 Metaspace       used 124725K, committed 125696K, reserved 1179648K
  class space    used 17350K, committed 17856K, reserved 1048576K
}
Event: 47.932 GC heap after
{Heap after GC invocations=63 (full 0):
 garbage-first heap   total 242688K, used 124390K [0x0000000080000000, 0x0000000100000000)
  region size 1024K, 3 young (3072K), 3 survivors (3072K)
 Metaspace       used 124725K, committed 125696K, reserved 1179648K
  class space    used 17350K, committed 17856K, reserved 1048576K
}

